\BOOKMARK [1][-]{section.1}{Overview}{}% 1
\BOOKMARK [1][-]{section.2}{The DEVILS directory structure}{}% 2
\BOOKMARK [2][-]{subsection.2.1}{Setting up the night directory for your observations}{section.2}% 3
\BOOKMARK [1][-]{section.3}{Observing and Data Management}{}% 4
\BOOKMARK [2][-]{subsection.3.1}{Before the night}{section.3}% 5
\BOOKMARK [3][-]{subsubsection.3.1.1}{Biases and Darks}{subsection.3.1}% 6
\BOOKMARK [3][-]{subsubsection.3.1.2}{Planning Fields to be Observed}{subsection.3.1}% 7
\BOOKMARK [3][-]{subsubsection.3.1.3}{Generating Fibre Configurations}{subsection.3.1}% 8
\BOOKMARK [3][-]{subsubsection.3.1.4}{Configuration Files}{subsection.3.1}% 9
\BOOKMARK [2][-]{subsection.3.2}{On the day/night}{section.3}% 10
\BOOKMARK [3][-]{subsubsection.3.2.1}{Obtaining Fibre Configuration Files}{subsection.3.2}% 11
\BOOKMARK [3][-]{subsubsection.3.2.2}{Passing configuration files to support astronomer}{subsection.3.2}% 12
\BOOKMARK [3][-]{subsubsection.3.2.3}{Make a night plan using ObsPlan}{subsection.3.2}% 13
\BOOKMARK [3][-]{subsubsection.3.2.4}{Checking 2dF configures correctly and amending}{subsection.3.2}% 14
\BOOKMARK [3][-]{subsubsection.3.2.5}{Add observing details to logs}{subsection.3.2}% 15
\BOOKMARK [3][-]{subsubsection.3.2.6}{Undertake manual reduction}{subsection.3.2}% 16
\BOOKMARK [3][-]{subsubsection.3.2.7}{QC reduced data products}{subsection.3.2}% 17
\BOOKMARK [3][-]{subsubsection.3.2.8}{Pass data to Perth Database}{subsection.3.2}% 18
\BOOKMARK [2][-]{subsection.3.3}{At the End of the Run}{section.3}% 19
\BOOKMARK [1][-]{section.4}{Observer Data Reduction}{}% 20
\BOOKMARK [2][-]{subsection.4.1}{Biases and Darks}{section.4}% 21
\BOOKMARK [2][-]{subsection.4.2}{Target Data}{section.4}% 22
\BOOKMARK [2][-]{subsection.4.3}{Extracting spectra and Visually Inspecting}{section.4}% 23
\BOOKMARK [1][-]{section.5}{Brave TAZ Data Reduction}{}% 24
\BOOKMARK [1][-]{section.6}{Observing Tasks and Checklist}{}% 25
\BOOKMARK [1][-]{section.7}{DEVILS Data Flow}{}% 26
