\BOOKMARK [1][-]{section.1}{Installation}{}% 1
\BOOKMARK [2][-]{subsection.1.1}{External Packages}{section.1}% 2
\BOOKMARK [3][-]{subsubsection.1.1.1}{Installing R}{subsection.1.1}% 3
\BOOKMARK [3][-]{subsubsection.1.1.2}{Installing 2dfDR}{subsection.1.1}% 4
\BOOKMARK [3][-]{subsubsection.1.1.3}{Installing CONFIGURE}{subsection.1.1}% 5
\BOOKMARK [2][-]{subsection.1.2}{Installing R packages}{section.1}% 6
\BOOKMARK [1][-]{section.2}{Setting Up the DEVILS Directory Structure}{}% 7
\BOOKMARK [1][-]{section.3}{Adding Observations}{}% 8
\BOOKMARK [1][-]{section.4}{Running TAZ}{}% 9
\BOOKMARK [2][-]{subsection.4.1}{Running the 2dfDR reduction}{section.4}% 10
\BOOKMARK [2][-]{subsection.4.2}{Running the 2dfDR reduction and 1D extraction}{section.4}% 11
\BOOKMARK [2][-]{subsection.4.3}{Stacking extracted spectra}{section.4}% 12
\BOOKMARK [2][-]{subsection.4.4}{Running AutoZ on Stacked Spectra}{section.4}% 13
\BOOKMARK [2][-]{subsection.4.5}{Updating Master Catalogues with new Redshifts and producing new observing catalogues}{section.4}% 14
\BOOKMARK [2][-]{subsection.4.6}{Producing new fibre configuration files}{section.4}% 15
\BOOKMARK [2][-]{subsection.4.7}{Putting it all together}{section.4}% 16
\BOOKMARK [1][-]{section.5}{TAZ inputs list}{}% 17
\BOOKMARK [1][-]{section.6}{TAZ Outputs list}{}% 18
\BOOKMARK [2][-]{subsection.6.1}{EXAMPLE 1: Manually running 2dfDR using the GUI and extracting spectra, stacking and running AutoZ.}{section.6}% 19
\BOOKMARK [2][-]{subsection.6.2}{EXAMPLE 2: Generating new tiling files from an existing catalogue.}{section.6}% 20
\BOOKMARK [1][-]{section.7}{TAZ Outputs}{}% 21
\BOOKMARK [2][-]{subsection.7.1}{Raw Data Meta Information:}{section.7}% 22
\BOOKMARK [2][-]{subsection.7.2}{Spliced reduced data for each night/configuration:}{section.7}% 23
\BOOKMARK [2][-]{subsection.7.3}{Blue arm reduced data for each night/configuration:}{section.7}% 24
\BOOKMARK [2][-]{subsection.7.4}{Red arm reduced data for each night/configuration:}{section.7}% 25
\BOOKMARK [2][-]{subsection.7.5}{Meta Information for all reduced configurations:}{section.7}% 26
\BOOKMARK [2][-]{subsection.7.6}{Flux calibration meta information for each reduced configuration:}{section.7}% 27
\BOOKMARK [2][-]{subsection.7.7}{Individual extracted spectra from corresponding reduced configuration/night:}{section.7}% 28
\BOOKMARK [2][-]{subsection.7.8}{Individual spectra meta information for each configuration/night:}{section.7}% 29
\BOOKMARK [1][-]{section.8}{TAZ data flow and components}{}% 30
